Base path: /Applications/Unity/Unity.app/Contents
Cmd: getPlatforms
Cmd: compileSnippet
  api=4 type=0 insize=939 outsize=789 kw= pd=UNITY_ENABLE_REFLECTION_BUFFERS UNITY_PBS_USE_BRDF1 UNITY_SPECCUBE_BOX_PROJECTION UNITY_SPECCUBE_BLENDING ok=1
Cmd: disassembleShader
  api=15 insize=789 outsize=1567 ok=1
Cmd: compileSnippet
  api=4 type=1 insize=939 outsize=249 kw= pd=UNITY_ENABLE_REFLECTION_BUFFERS UNITY_PBS_USE_BRDF1 UNITY_SPECCUBE_BOX_PROJECTION UNITY_SPECCUBE_BLENDING ok=1
Cmd: disassembleShader
  api=17 insize=249 outsize=761 ok=1
Cmd: compileSnippet
  api=1 type=0 insize=3675 outsize=288 kw=POINT pd=UNITY_ENABLE_REFLECTION_BUFFERS UNITY_PBS_USE_BRDF1 UNITY_SPECCUBE_BOX_PROJECTION UNITY_SPECCUBE_BLENDING ok=1
Cmd: disassembleShader
  api=9 insize=288 outsize=510 ok=1
Cmd: compileSnippet
  api=1 type=0 insize=3675 outsize=288 kw=SPOT pd=UNITY_ENABLE_REFLECTION_BUFFERS UNITY_PBS_USE_BRDF1 UNITY_SPECCUBE_BOX_PROJECTION UNITY_SPECCUBE_BLENDING ok=1
Cmd: disassembleShader
  api=9 insize=288 outsize=510 ok=1
Cmd: compileSnippet
  api=8 type=1 insize=3675 outsize=329 kw= pd=UNITY_NO_LINEAR_COLORSPACE UNITY_ENABLE_REFLECTION_BUFFERS UNITY_PBS_USE_BRDF3 ok=1
Cmd: disassembleShader
  api=14 insize=329 outsize=892 ok=1
Cmd: compileSnippet
  api=4 type=1 insize=3675 outsize=249 kw=SPOT pd=UNITY_ENABLE_REFLECTION_BUFFERS UNITY_PBS_USE_BRDF1 UNITY_SPECCUBE_BOX_PROJECTION UNITY_SPECCUBE_BLENDING ok=1
Cmd: disassembleShader
  api=17 insize=249 outsize=761 ok=1
Cmd: disassembleShader
  api=15 insize=473 outsize=1115 ok=1
Cmd: disassembleShader
  api=15 insize=473 outsize=1115 ok=1
Cmd: disassembleShader
  api=9 insize=288 outsize=510 ok=1
Cmd: disassembleShader
  api=13 insize=697 outsize=1960 ok=1
Cmd: disassembleShader
  api=14 insize=329 outsize=892 ok=1
Cmd: disassembleShader
  api=17 insize=249 outsize=761 ok=1
Cmd: disassembleShader
  api=11 insize=124 outsize=148 ok=1
Unhandled exception: Protocol error - failed to read correct magic number

Quitting shader compiler process
